<?xml version="1.0" encoding="UTF-8" ?>
<testsuite errors="0" failures="0" hostname="UN" name="auth.ClinicHistorySpec" tests="1" time="0.562" timestamp="2015-11-21T00:18:06">
  <properties />
  <testcase classname="auth.ClinicHistorySpec" name="validacion de nombres" time="0.516" />
  <system-out><![CDATA[--Output from validacion de nombres--
]]></system-out>
  <system-err><![CDATA[--Output from validacion de nombres--
]]></system-err>
</testsuite>
