<?xml version="1.0" encoding="UTF-8" ?>
<testsuite errors="0" failures="0" hostname="UN" name="auth.VeterinarySpec" tests="1" time="0.407" timestamp="2015-11-21T00:18:09">
  <properties />
  <testcase classname="auth.VeterinarySpec" name="validacion de creacion" time="0.36" />
  <system-out><![CDATA[--Output from validacion de creacion--
]]></system-out>
  <system-err><![CDATA[--Output from validacion de creacion--
]]></system-err>
</testsuite>
